[    2756ms] [ERROR] Failed to load resource: the server responded with a status of 500 (Internal Server Error) @ http://localhost:3000/:0
[    3159ms] [INFO] %cDownload the React DevTools for a better development experience: https://reactjs.org/link/react-devtools font-weight:bold @ webpack-internal:///./node_modules/react-dom/cjs/react-dom.development.js:29889
[    3256ms] Error: Cannot find module './948.js'
Require stack:
- C:\Users\Jaineel\OneDrive\Desktop\CODSOFT\E-Commerce\.next\server\webpack-runtime.js
- C:\Users\Jaineel\OneDrive\Desktop\CODSOFT\E-Commerce\.next\server\app\_not-found\page.js
- C:\Users\Jaineel\OneDrive\Desktop\CODSOFT\E-Commerce\node_modules\next\dist\server\require.js
- C:\Users\Jaineel\OneDrive\Desktop\CODSOFT\E-Commerce\node_modules\next\dist\server\load-components.js
- C:\Users\Jaineel\OneDrive\Desktop\CODSOFT\E-Commerce\node_modules\next\dist\build\utils.js
- C:\Users\Jaineel\OneDrive\Desktop\CODSOFT\E-Commerce\node_modules\next\dist\server\dev\hot-middleware.js
- C:\Users\Jaineel\OneDrive\Desktop\CODSOFT\E-Commerce\node_modules\next\dist\server\dev\hot-reloader-webpack.js
- C:\Users\Jaineel\OneDrive\Desktop\CODSOFT\E-Commerce\node_modules\next\dist\server\lib\router-utils\setup-dev-bundler.js
- C:\Users\Jaineel\OneDrive\Desktop\CODSOFT\E-Commerce\node_modules\next\dist\server\lib\router-server.js
- C:\Users\Jaineel\OneDrive\Desktop\CODSOFT\E-Commerce\node_modules\next\dist\server\lib\start-server.js
    at Module.<anonymous> (node:internal/modules/cjs/loader:1456:15)
    at <unknown> (file://C:\Users\Jaineel\OneDrive\Desktop\CODSOFT\E-Commerce\node_modules\next\dist\server\require-hook.js:55:36)
    at defaultResolveImpl (node:internal/modules/cjs/loader:1066:19)
    at resolveForCJSWithHooks (node:internal/modules/cjs/loader:1071:22)
    at Module._load (node:internal/modules/cjs/loader:1242:25)
    at wrapModuleLoad (node:internal/modules/cjs/loader:255:19)
    at Module.<anonymous> (node:internal/modules/cjs/loader:1556:12)
    at mod.require (file://C:\Users\Jaineel\OneDrive\Desktop\CODSOFT\E-Commerce\node_modules\next\dist\server\require-hook.js:65:28)
    at require (node:internal/modules/helpers:152:16)
    at __webpack_require__.f.require (file://C:\Users\Jaineel\OneDrive\Desktop\CODSOFT\E-Commerce\.next\server\webpack-runtime.js:198:28)
    at <unknown> (file://C:\Users\Jaineel\OneDrive\Desktop\CODSOFT\E-Commerce\.next\server\webpack-runtime.js:111:40)
    at Array.reduce (<anonymous>)
    at __webpack_require__.e (file://C:\Users\Jaineel\OneDrive\Desktop\CODSOFT\E-Commerce\.next\server\webpack-runtime.js:110:67)
    at Array.map (<anonymous>)
    at __webpack_require__.X (file://C:\Users\Jaineel\OneDrive\Desktop\CODSOFT\E-Commerce\.next\server\webpack-runtime.js:162:22)
    at <unknown> (file://C:\Users\Jaineel\OneDrive\Desktop\CODSOFT\E-Commerce\.next\server\app\page.js:1:18990)
    at Object.<anonymous> (file://C:\Users\Jaineel\OneDrive\Desktop\CODSOFT\E-Commerce\.next\server\app\page.js:1:19059)
    at Module._compile (node:internal/modules/cjs/loader:1812:14)
    at Object..js (node:internal/modules/cjs/loader:1943:10)
    at Module.load (node:internal/modules/cjs/loader:1533:32)
    at Module._load (node:internal/modules/cjs/loader:1335:12)
    at wrapModuleLoad (node:internal/modules/cjs/loader:255:19)
    at Module.<anonymous> (node:internal/modules/cjs/loader:1556:12)
    at mod.require (file://C:\Users\Jaineel\OneDrive\Desktop\CODSOFT\E-Commerce\node_modules\next\dist\server\require-hook.js:65:28)
    at require (node:internal/modules/helpers:152:16)
    at requirePage (file://C:\Users\Jaineel\OneDrive\Desktop\CODSOFT\E-Commerce\node_modules\next\dist\server\require.js:109:84)
    at <unknown> (file://C:\Users\Jaineel\OneDrive\Desktop\CODSOFT\E-Commerce\node_modules\next\dist\server\load-components.js:103:84)
    at async loadComponentsImpl (file://C:\Users\Jaineel\OneDrive\Desktop\CODSOFT\E-Commerce\node_modules\next\dist\server\load-components.js:103:26)
    at async DevServer.findPageComponentsImpl (file://C:\Users\Jaineel\OneDrive\Desktop\CODSOFT\E-Commerce\node_modules\next\dist\server\next-server.js:714:36)
    at async DevServer.findPageComponents (file://C:\Users\Jaineel\OneDrive\Desktop\CODSOFT\E-Commerce\node_modules\next\dist\server\dev\next-dev-server.js:577:20)
    at async DevServer.renderPageComponent (file://C:\Users\Jaineel\OneDrive\Desktop\CODSOFT\E-Commerce\node_modules\next\dist\server\base-server.js:1910:24)
    at async DevServer.renderToResponseImpl (file://C:\Users\Jaineel\OneDrive\Desktop\CODSOFT\E-Commerce\node_modules\next\dist\server\base-server.js:1962:32)
    at async DevServer.pipeImpl (file://C:\Users\Jaineel\OneDrive\Desktop\CODSOFT\E-Commerce\node_modules\next\dist\server\base-server.js:922:25)
    at async NextNodeServer.handleCatchallRenderRequest (file://C:\Users\Jaineel\OneDrive\Desktop\CODSOFT\E-Commerce\node_modules\next\dist\server\next-server.js:272:17)
    at async DevServer.handleRequestImpl (file://C:\Users\Jaineel\OneDrive\Desktop\CODSOFT\E-Commerce\node_modules\next\dist\server\base-server.js:818:17)
    at async (file://C:\Users\Jaineel\OneDrive\Desktop\CODSOFT\E-Commerce\node_modules\next\dist\server\dev\next-dev-server.js:339:20)
    at async Span.traceAsyncFn (file://C:\Users\Jaineel\OneDrive\Desktop\CODSOFT\E-Commerce\node_modules\next\dist\trace\trace.js:154:20)
    at async DevServer.handleRequest (file://C:\Users\Jaineel\OneDrive\Desktop\CODSOFT\E-Commerce\node_modules\next\dist\server\dev\next-dev-server.js:336:24)
    at async invokeRender (file://C:\Users\Jaineel\OneDrive\Desktop\CODSOFT\E-Commerce\node_modules\next\dist\server\lib\router-server.js:179:21)
    at async handleRequest (file://C:\Users\Jaineel\OneDrive\Desktop\CODSOFT\E-Commerce\node_modules\next\dist\server\lib\router-server.js:359:24)
    at async requestHandlerImpl (file://C:\Users\Jaineel\OneDrive\Desktop\CODSOFT\E-Commerce\node_modules\next\dist\server\lib\router-server.js:383:13)
    at async Server.requestListener (file://C:\Users\Jaineel\OneDrive\Desktop\CODSOFT\E-Commerce\node_modules\next\dist\server\lib\start-server.js:141:13)
[    3249ms] [LOG] [HMR] connected @ webpack-internal:///./node_modules/next/dist/client/components/react-dev-overlay/pages/websocket.js:38
